This is pdfTeXk, Version 3.141592-1.40.3 (Web2C 7.5.6) (format=latex 2014.1.24)  22 JUN 2016 11:21
entering extended mode
 %&-line parsing enabled.
**main
(./main.tex
LaTeX2e <2005/12/01>
Babel <v3.8h> and hyphenation patterns for english, usenglishmax, dumylang, noh
yphenation, arabic, basque, bulgarian, coptic, welsh, czech, slovak, german, ng
erman, danish, esperanto, spanish, catalan, galician, estonian, farsi, finnish,
 french, greek, monogreek, ancientgreek, croatian, hungarian, interlingua, ibyc
us, indonesian, icelandic, italian, latin, mongolian, dutch, norsk, polish, por
tuguese, pinyin, romanian, russian, slovenian, uppersorbian, serbian, swedish, 
turkish, ukenglish, ukrainian, loaded.
(./msuphddissertation.cls
Document Class: msuphddissertation 
(/usr/share/texmf/tex/latex/base/book.cls
Document Class: book 2005/09/16 v1.4f Standard LaTeX document class
(/usr/share/texmf/tex/latex/base/bk12.clo
File: bk12.clo 2005/09/16 v1.4f Standard LaTeX file (size option)
)
\c@part=\count79
\c@chapter=\count80
\c@section=\count81
\c@subsection=\count82
\c@subsubsection=\count83
\c@paragraph=\count84
\c@subparagraph=\count85
\c@figure=\count86
\c@table=\count87
\abovecaptionskip=\skip41
\belowcaptionskip=\skip42
\bibindent=\dimen102
)
(/usr/share/texmf/tex/latex/base/ifthen.sty
Package: ifthen 2001/05/26 v1.1c Standard LaTeX ifthen package (DPC)
)
(/usr/share/texmf/tex/latex/setspace/setspace.sty
Package: setspace 2000/12/01 6.7 Contributed and Supported LaTeX2e package

Package: `setspace' 6.7 <2000/12/01>
) (/usr/share/texmf/tex/latex/tocloft/tocloft.sty
Package: tocloft 2003/09/26 v2.3c parameterised ToC, etc., typesetting


Package tocloft Note: The document has chapter divisions.

\cftparskip=\skip43
\cftbeforetoctitleskip=\skip44
\cftaftertoctitleskip=\skip45
\cftbeforepartskip=\skip46
\cftpartnumwidth=\skip47
\cftpartindent=\skip48
\cftbeforechapskip=\skip49
\cftchapindent=\skip50
\cftchapnumwidth=\skip51
\cftbeforesecskip=\skip52
\cftsecindent=\skip53
\cftsecnumwidth=\skip54
\cftbeforesubsecskip=\skip55
\cftsubsecindent=\skip56
\cftsubsecnumwidth=\skip57
\cftbeforesubsubsecskip=\skip58
\cftsubsubsecindent=\skip59
\cftsubsubsecnumwidth=\skip60
\cftbeforeparaskip=\skip61
\cftparaindent=\skip62
\cftparanumwidth=\skip63
\cftbeforesubparaskip=\skip64
\cftsubparaindent=\skip65
\cftsubparanumwidth=\skip66
\cftbeforeloftitleskip=\skip67
\cftafterloftitleskip=\skip68
\cftbeforefigskip=\skip69
\cftfigindent=\skip70
\cftfignumwidth=\skip71
\cftbeforelottitleskip=\skip72
\cftafterlottitleskip=\skip73
\cftbeforetabskip=\skip74
\cfttabindent=\skip75
\cfttabnumwidth=\skip76
\cftbeforesubfigskip=\skip77
\cftsubfigindent=\skip78
\cftsubfignumwidth=\skip79
\cftbeforesubtabskip=\skip80
\cftsubtabindent=\skip81
\cftsubtabnumwidth=\skip82
) (/usr/share/texmf/tex/latex/geometry/geometry.sty
Package: geometry 2002/07/08 v3.2 Page Geometry

(/usr/share/texmf/tex/latex/graphics/keyval.sty
Package: keyval 1999/03/16 v1.13 key=value parser (DPC)
\KV@toks@=\toks14
)
\Gm@cnth=\count88
\Gm@cntv=\count89
\c@Gm@tempcnt=\count90
\Gm@bindingoffset=\dimen103
\Gm@wd@mp=\dimen104
\Gm@odd@mp=\dimen105
\Gm@even@mp=\dimen106
\Gm@dimlist=\toks15
)
(/usr/share/texmf/tex/latex/oberdiek/pdflscape.sty
Package: pdflscape 2006/04/24 v0.6 Landscape pages in PDF (HO)

(/usr/share/texmf/tex/latex/graphics/lscape.sty
Package: lscape 2000/10/22 v3.01 Landscape Pages (DPC)

(/usr/share/texmf/tex/latex/graphics/graphics.sty
Package: graphics 2006/02/20 v1.0o Standard LaTeX Graphics (DPC,SPQR)

(/usr/share/texmf/tex/latex/graphics/trig.sty
Package: trig 1999/03/16 v1.09 sin cos tan (DPC)
)
(/usr/share/texmf/tex/latex/config/graphics.cfg
File: graphics.cfg 2007/01/18 v1.5 graphics configuration of teTeX/TeXLive
)
Package graphics Info: Driver file: dvips.def on input line 90.

(/usr/share/texmf/tex/latex/graphics/dvips.def
File: dvips.def 1999/02/16 v3.0i Driver-dependant file (DPC,SPQR)
)))
Package pdflscape Info: Auto-detected driver: `dvips' on input line 95.

(/usr/share/texmf/tex/latex/everyshi/everyshi.sty
Package: everyshi 2001/05/15 v3.00 EveryShipout Package (MS)
))
(/usr/share/texmf/tex/latex/fancyhdr/fancyhdr.sty
\fancy@headwidth=\skip83
\f@ncyO@elh=\skip84
\f@ncyO@erh=\skip85
\f@ncyO@olh=\skip86
\f@ncyO@orh=\skip87
\f@ncyO@elf=\skip88
\f@ncyO@erf=\skip89
\f@ncyO@olf=\skip90
\f@ncyO@orf=\skip91
)
(/usr/share/texmf/tex/latex/rotating/rotating.sty
Package: rotating 1997/09/26, v2.13 Rotation package

(/usr/share/texmf/tex/latex/graphics/graphicx.sty
Package: graphicx 1999/02/16 v1.0f Enhanced LaTeX Graphics (DPC,SPQR)
\Gin@req@height=\dimen107
\Gin@req@width=\dimen108
)
\c@r@tfl@t=\count91
\rot@float@box=\box26
))
(/usr/share/texmf/tex/latex/lineno/lineno.sty
Package: lineno 2005/11/02 line numbers on paragraphs v4.41
\linenopenalty=\count92
\output=\toks16
\linenoprevgraf=\count93
\linenumbersep=\dimen109
\linenumberwidth=\dimen110
\c@linenumber=\count94
\c@pagewiselinenumber=\count95
\c@LN@truepage=\count96
\c@internallinenumber=\count97
\c@internallinenumbers=\count98
\quotelinenumbersep=\dimen111
\bframerule=\dimen112
\bframesep=\dimen113
\bframebox=\box27
LaTeX Info: Redefining \\ on input line 3056.
)
(/usr/share/texmf/tex/latex/subfigure/subfigure.sty
Package: subfigure 2002/03/15 v2.1.5 subfigure package
\subfigtopskip=\skip92
\subfigcapskip=\skip93
\subfigcaptopadj=\dimen114
\subfigbottomskip=\skip94
\subfigcapmargin=\dimen115
\subfiglabelskip=\skip95
\c@subfigure=\count99
\c@lofdepth=\count100
\c@subtable=\count101
\c@lotdepth=\count102

****************************************
* Local config file subfigure.cfg used *
****************************************
(/usr/share/texmf/tex/latex/subfigure/subfigure.cfg)
\subfig@top=\skip96
\subfig@bottom=\skip97
) (./modatlasstyle.sty
\boxsqbox=\box28
\boxsize=\dimen116
\dkwidth=\dimen117
)
(/usr/share/texmf/tex/latex/amsmath/amsmath.sty
Package: amsmath 2000/07/18 v2.13 AMS math features
\@mathmargin=\skip98

For additional information on amsmath, use the `?' option.
(/usr/share/texmf/tex/latex/amsmath/amstext.sty
Package: amstext 2000/06/29 v2.01

(/usr/share/texmf/tex/latex/amsmath/amsgen.sty
File: amsgen.sty 1999/11/30 v2.0
\@emptytoks=\toks17
\ex@=\dimen118
))
(/usr/share/texmf/tex/latex/amsmath/amsbsy.sty
Package: amsbsy 1999/11/29 v1.2d
LaTeX Info: Redefining \pmb on input line 66.
\pmbraise@=\dimen119
)
(/usr/share/texmf/tex/latex/amsmath/amsopn.sty
Package: amsopn 1999/12/14 v2.01 operator names
)
\inf@bad=\count103
LaTeX Info: Redefining \frac on input line 211.
\uproot@=\count104
\leftroot@=\count105
LaTeX Info: Redefining \overline on input line 307.
\classnum@=\count106
\DOTSCASE@=\count107
LaTeX Info: Redefining \ldots on input line 379.
LaTeX Info: Redefining \dots on input line 382.
LaTeX Info: Redefining \cdots on input line 467.
\Mathstrutbox@=\box29
\strutbox@=\box30
\big@size=\dimen120
LaTeX Font Info:    Redeclaring font encoding OML on input line 567.
LaTeX Font Info:    Redeclaring font encoding OMS on input line 568.
\macc@depth=\count108
\c@MaxMatrixCols=\count109
\dotsspace@=\muskip10
\c@parentequation=\count110
\dspbrk@lvl=\count111
\tag@help=\toks18
\row@=\count112
\column@=\count113
\maxfields@=\count114
\andhelp@=\toks19
\eqnshift@=\dimen121
\alignsep@=\dimen122
\tagshift@=\dimen123
\tagwidth@=\dimen124
\totwidth@=\dimen125
\lineht@=\dimen126
\@envbody=\toks20
\multlinegap=\skip99
\multlinetaggap=\skip100
\mathdisplay@stack=\toks21
LaTeX Info: Redefining \[ on input line 2666.
LaTeX Info: Redefining \] on input line 2667.
)
(/usr/share/texmf/tex/latex/amsfonts/amssymb.sty
Package: amssymb 2002/01/22 v2.2d

(/usr/share/texmf/tex/latex/amsfonts/amsfonts.sty
Package: amsfonts 2001/10/25 v2.2f
\symAMSa=\mathgroup4
\symAMSb=\mathgroup5
LaTeX Font Info:    Overwriting math alphabet `\mathfrak' in version `bold'
(Font)                  U/euf/m/n --> U/euf/b/n on input line 132.
))
(/usr/share/texmf/tex/latex/amscls/amsthm.sty
Package: amsthm 2004/08/06 v2.20
\thm@style=\toks22
\thm@bodyfont=\toks23
\thm@headfont=\toks24
\thm@notefont=\toks25
\thm@headpunct=\toks26
\thm@preskip=\skip101
\thm@postskip=\skip102
\thm@headsep=\skip103
\dth@everypar=\toks27
)
(/usr/share/texmf/tex/latex/paralist/paralist.sty
Package: paralist 2002/03/18 v2.3b Extended list environments (BS)
\pltopsep=\skip104
\plpartopsep=\skip105
\plitemsep=\skip106
\plparsep=\skip107
\pl@lab=\toks28
) (./extra_definitions.sty)
(/usr/share/texmf/tex/latex/multirow/multirow.sty
\bigstrutjot=\dimen127
)
(/usr/share/texmf/tex/latex/mh/mathtools.sty
Package: mathtools 2004/10/10 v1.01a mathematical typesetting tools (MH)

(/usr/share/texmf/tex/latex/tools/calc.sty
Package: calc 2005/08/06 v4.2 Infix arithmetic (KKT,FJ)
\calc@Acount=\count115
\calc@Bcount=\count116
\calc@Adimen=\dimen128
\calc@Bdimen=\dimen129
\calc@Askip=\skip108
\calc@Bskip=\skip109
LaTeX Info: Redefining \setlength on input line 75.
LaTeX Info: Redefining \addtolength on input line 76.
\calc@Ccount=\count117
\calc@Cskip=\skip110
)
(/usr/share/texmf/tex/latex/mh/mhsetup.sty
Package: mhsetup 2004/10/10 v1.0b programming setup (MH)
)
\g_MT_multlinerow_int=\count118
\l_MT_multwidth_dim=\dimen130
)
(/usr/share/texmf/tex/latex/preprint/authblk.sty
Package: authblk 2001/02/27 1.3 (PWD)
\affilsep=\skip111
\@affilsep=\skip112
\c@Maxaffil=\count119
\c@authors=\count120
\c@affil=\count121
)
(/usr/share/texmf/tex/latex/jknapltx/mathrsfs.sty
Package: mathrsfs 1996/01/01 Math RSFS package v1.0 (jk)
\symrsfs=\mathgroup6
)
(/usr/share/texmf/tex/latex/tools/array.sty
Package: array 2005/08/23 v2.4b Tabular extension package (FMi)
\col@sep=\dimen131
\extrarowheight=\dimen132
\NC@list=\toks29
\extratabsurround=\skip113
\backup@length=\skip114
)
(/usr/share/texmf/tex/latex/units/units.sty
Package: units 1998/08/04 v0.9b Typesetting units

(/usr/share/texmf/tex/latex/units/nicefrac.sty
Package: nicefrac 1998/08/04 v0.9b Nice fractions
\L@UnitsRaiseDisplaystyle=\skip115
\L@UnitsRaiseTextstyle=\skip116
\L@UnitsRaiseScriptstyle=\skip117
))
(/usr/share/texmf/tex/latex/multirow/bigstrut.sty)
(/usr/share/texmf/tex/latex/ltxmisc/url.sty
\Urlmuskip=\muskip11
Package: url 2005/06/27  ver 3.2  Verb mode for urls, etc.
)
(/usr/share/texmf/tex/latex/ltxmisc/cancel.sty
Package: cancel 2000/03/12 v2.1 Cancel math terms
)
(/usr/share/texmf/tex/latex/xcolor/xcolor.sty
Package: xcolor 2007/01/21 v2.11 LaTeX color extensions (UK)

(/usr/share/texmf/tex/latex/config/color.cfg
File: color.cfg 2007/01/18 v1.5 color configuration of teTeX/TeXLive
)
Package xcolor Info: Driver file: dvips.def on input line 225.

(/usr/share/texmf/tex/latex/colortbl/colortbl.sty
Package: colortbl 2001/02/13 v0.1j Color table columns (DPC)
\everycr=\toks30
\minrowclearance=\skip118
)
\rownum=\count122
Package xcolor Info: Model `cmy' substituted by `cmy0' on input line 1337.
Package xcolor Info: Model `RGB' extended on input line 1353.
Package xcolor Info: Model `HTML' substituted by `rgb' on input line 1355.
Package xcolor Info: Model `Hsb' substituted by `hsb' on input line 1356.
Package xcolor Info: Model `tHsb' substituted by `hsb' on input line 1357.
Package xcolor Info: Model `HSB' substituted by `hsb' on input line 1358.
Package xcolor Info: Model `Gray' substituted by `gray' on input line 1359.
Package xcolor Info: Model `wave' substituted by `hsb' on input line 1360.
) (./main.aux

LaTeX Warning: Label `SECTION-MC-BG-Z+jets' multiply defined.

)
\openout1 = `main.aux'.

LaTeX Font Info:    Checking defaults for OML/cmm/m/it on input line 75.
LaTeX Font Info:    ... okay on input line 75.
LaTeX Font Info:    Checking defaults for T1/cmr/m/n on input line 75.
LaTeX Font Info:    ... okay on input line 75.
LaTeX Font Info:    Checking defaults for OT1/cmr/m/n on input line 75.
LaTeX Font Info:    ... okay on input line 75.
LaTeX Font Info:    Checking defaults for OMS/cmsy/m/n on input line 75.
LaTeX Font Info:    ... okay on input line 75.
LaTeX Font Info:    Checking defaults for OMX/cmex/m/n on input line 75.
LaTeX Font Info:    ... okay on input line 75.
LaTeX Font Info:    Checking defaults for U/cmr/m/n on input line 75.
LaTeX Font Info:    ... okay on input line 75.
-------------------- Geometry parameters
paper: class default
landscape: --
twocolumn: --
twoside: --
asymmetric: --
h-parts: 72.26999pt, 469.75502pt, 72.26999pt
v-parts: 72.26999pt, 650.43001pt, 72.26999pt
hmarginratio: --
vmarginratio: --
lines: --
heightrounded: --
bindingoffset: 0.0pt
truedimen: --
includehead: --
includefoot: --
includemp: --
driver: 
-------------------- Page layout dimensions and switches
\paperwidth  614.295pt
\paperheight 794.96999pt
\textwidth  469.75502pt
\textheight 650.43001pt
\oddsidemargin  0.0pt
\evensidemargin 0.0pt
\topmargin  -31.8738pt
\headheight 12.0pt
\headsep    19.8738pt
\footskip   30.0pt
\marginparwidth 47.0pt
\marginparsep   7.0pt
\columnsep  10.0pt
\skip\footins  10.8pt plus 4.0pt minus 2.0pt
\hoffset 0.0pt
\voffset 0.0pt
\mag 1000

(1in=72.27pt, 1cm=28.45pt)
-----------------------
 ABD: EveryShipout initializing macros
LaTeX Font Info:    Try loading font information for U+msa on input line 77.

(/usr/share/texmf/tex/latex/amsfonts/umsa.fd
File: umsa.fd 2002/01/19 v2.2g AMS font definitions
)
LaTeX Font Info:    Try loading font information for U+msb on input line 77.

(/usr/share/texmf/tex/latex/amsfonts/umsb.fd
File: umsb.fd 2002/01/19 v2.2g AMS font definitions
)
LaTeX Font Info:    Try loading font information for U+rsfs on input line 77.

(/usr/share/texmf/tex/latex/jknapltx/ursfs.fd
File: ursfs.fd 1998/03/24 rsfs font definition file (jk)
) [1


] [2] [3] [4] (./main.toc
Overfull \hbox (0.16266pt too wide) detected at line 2
 \OT1/cmr/bx/n/12 viii
 []

[5


])
\tf@toc=\write3
\openout3 = `main.toc'.

 [6] (./main.lot)
\tf@lot=\write4
\openout4 = `main.lot'.

 [7


] (./main.lof [8


]
Overfull \hbox (4.49991pt too wide) in paragraph at lines 39--39
 [][] []\OT1/cmr/m/n/12 Illustration of the AT-LAS  mag-net sys-tem, show-ing t
he bar-rel solenoid, 
 []

[9])
\tf@lof=\write5
\openout5 = `main.lof'.

 [10] (./Introduction.tex
Chapter 1.
File: figures/StdMdl-wheel.eps Graphic file (type eps)
<figures/StdMdl-wheel.eps> [1


] [2]
File: figures/Timeline.eps Graphic file (type eps)
 <figures/Timeline.eps> [3] [4] [5] [6]
[7]
File: figures/tchan.eps Graphic file (type eps)
 <figures/tchan.eps>
Underfull \hbox (badness 1142) in paragraph at lines 133--133
[]\OT1/cmr/m/n/12 Figure 1.3: Feyn-man di-a-gram
 []

File: figures/Wtchan.eps Graphic file (type eps)
<figures/Wtchan.eps>
File: figures/schan.eps Graphic file (type eps)
 <figures/schan.eps>
Underfull \hbox (badness 1142) in paragraph at lines 135--135
[]\OT1/cmr/m/n/12 Figure 1.5: Feyn-man di-a-gram
 []

[8]

LaTeX Warning: Reference `ATLAS-CONF-2016-003' on page 9 undefined on input lin
e 158.

[9]
File: figures/tZ.eps Graphic file (type eps)
 <figures/tZ.eps>
Underfull \hbox (badness 7433) in paragraph at lines 162--162
[]\OT1/cmr/m/n/12 Figure 1.6: Feyn-
 []

File: figures/LightJetPt.eps Graphic file (type eps)
<figures/LightJetPt.eps>
File: figures/LightJetEta.eps Graphic file (type eps)
 <figures/LightJetEta.eps>
File: figures/bQuarkPt.eps Graphic file (type eps)
 <figures/bQuarkPt.eps>
File: figures/bQuarkEta.eps Graphic file (type eps)

<figures/bQuarkEta.eps>
Overfull \hbox (6.66228pt too wide) in paragraph at lines 164--164
[][]   []
 []


Overfull \hbox (6.66228pt too wide) in paragraph at lines 164--164
[]   [] 
 []

File: figures/ZLepPt.eps Graphic file (type eps)
<figures/ZLepPt.eps>
File: figures/WLepPt.eps Graphic file (type eps)
 <figures/WLepPt.eps>
File: figures/ZbosonPt.eps Graphic file (type eps)
 <figures/ZbosonPt.eps>
File: figures/WbosonPt.eps Graphic file (type eps)

<figures/WbosonPt.eps>
File: figures/TopQuarkPt.eps Graphic file (type eps)
 <figures/TopQuarkPt.eps>
File: figures/NuPt.eps Graphic file (type eps)
 <figures/NuPt.eps>
Overfull \hbox (6.66228pt too wide) in paragraph at lines 166--166
[][]   []
 []


Overfull \hbox (6.66228pt too wide) in paragraph at lines 166--166
[]   []
 []


Overfull \hbox (6.66228pt too wide) in paragraph at lines 166--166
[]   [] 
 []

File: figures/TZRATES.eps Graphic file (type eps)
<figures/TZRATES.eps> [10]) (./Experiment.tex [11] [12] [13]
Chapter 2.
Missing character: There is no é in font cmr12!
Missing character: There is no é in font cmr12!
[14

]
File: figures/LHCchain.eps Graphic file (type eps)
 <figures/LHCchain.eps>
File: figures/LHC-Tunnel.eps Graphic file (type eps)
 <figures/LHC-Tunnel.eps> [15] [16] [17]
File: figures/peakLumiByFill.eps Graphic file (type eps)

<figures/peakLumiByFill.eps>
File: figures/LUMI-INTEG.eps Graphic file (type eps)
 <figures/LUMI-INTEG.eps>
File: figures/intlumivstime2015DQ.eps Graphic file (type eps)

<figures/intlumivstime2015DQ.eps> [18]
File: figures/NUM-INTERACTIONS.eps Graphic file (type eps)
 <figures/NUM-INTERACTIONS.eps>
File: figures/mu_2015.eps Graphic file (type eps)

<figures/mu_2015.eps> [19]
File: figures/ATLAS-OPEN.eps Graphic file (type eps)
 <figures/ATLAS-OPEN.eps> [20] [21] [22]
File: figures/IDWEDGE.eps Graphic file (type eps)

<figures/IDWEDGE.eps> [23]
File: figures/Atlas.eps Graphic file (type eps)
 <figures/Atlas.eps>
File: figures/Magnets.eps Graphic file (type eps)
 <figures/Magnets.eps>
File: figures/ATLAS-BField.eps Graphic file (type eps)

<figures/ATLAS-BField.eps> [24] [25]
File: figures/ATLAS-Endcap-magnet.eps Graphic file (type eps)
 <figures/ATLAS-Endcap-magnet.eps> [26]
[27]
File: figures/InnerDetector.eps Graphic file (type eps)
 <figures/InnerDetector.eps>
File: figures/ATLAS-ID.eps Graphic file (type eps)
 <figures/ATLAS-ID.eps> [28] [29] [30]
File: figures/Calorimeters.eps Graphic file (type eps)

<figures/Calorimeters.eps> [31] [32]
File: figures/Muon.eps Graphic file (type eps)
 <figures/Muon.eps> [33] [34]
File: figures/ATLAS-TGC-wheel.eps Graphic file (type eps)

<figures/ATLAS-TGC-wheel.eps>) (./Triggers.tex [35] [36]
Chapter 3.
[37

]
File: figures/Zee.eps Graphic file (type eps)
 <figures/Zee.eps> [38] [39] [40] [41] [42]) (./EventSimulation.tex
[43]
Chapter 4.
[44

] [45] [46]) (./ObjectReconstruction.tex [47]
Chapter 5.
[48

] [49] [50] [51] [52] [53]) (./Analysis.tex [54]
Chapter 6.
LaTeX Font Info:    Try loading font information for OMS+cmr on input line 15.
(/usr/share/texmf/tex/latex/base/omscmr.fd
File: omscmr.fd 1999/05/25 v2.5h Standard LaTeX font definitions
)
LaTeX Font Info:    Font shape `OMS/cmr/m/n' in size <12> not available
(Font)              Font shape `OMS/cmsy/m/n' tried instead on input line 15.
LaTeX Font Info:    Try loading font information for OML+cmr on input line 15.

(/usr/share/texmf/tex/latex/base/omlcmr.fd
File: omlcmr.fd 1999/05/25 v2.5h Standard LaTeX font definitions
)
LaTeX Font Info:    Font shape `OML/cmr/m/n' in size <12> not available
(Font)              Font shape `OML/cmm/m/it' tried instead on input line 15.
 [55

]
File: figures/LeadingLeptonPt.eps Graphic file (type eps)
 <figures/LeadingLeptonPt.eps>
File: figures/SecondLeptonPt.eps Graphic file (type eps)

<figures/SecondLeptonPt.eps>
File: figures/ThirdLeptonPt.eps Graphic file (type eps)
 <figures/ThirdLeptonPt.eps>
File: figures/njet.eps Graphic file (type eps)
 <figures/njet.eps>
File: figures/nbjet.eps Graphic file (type eps)

<figures/nbjet.eps>
File: figures/LeadingJetPt.eps Graphic file (type eps)
 <figures/LeadingJetPt.eps>
File: figures/METvsWtmSignal.eps Graphic file (type eps)
 <figures/METvsWtmSignal.eps>
File: figures/METvsWtmData.eps Graphic file (type eps)

<figures/METvsWtmData.eps>
File: figures/Zmass.eps Graphic file (type eps)
 <figures/Zmass.eps> [56] [57] [58] [59]
File: figures/W_transverse_mass.eps Graphic file (type eps)

<figures/W_transverse_mass.eps>
File: figures/LeadingNonb-jetEta.eps Graphic file (type eps)
 <figures/LeadingNonb-jetEta.eps>
File: figures/b-jet+LeadingNonb-jetdR.eps Graphic file (type eps)

<figures/b-jet+LeadingNonb-jetdR.eps>
File: figures/FinalLeadingLeptonPt.eps Graphic file (type eps)
 <figures/FinalLeadingLeptonPt.eps>
File: figures/FinalSecondLeptonPt.eps Graphic file (type eps)

<figures/FinalSecondLeptonPt.eps>
File: figures/FinalThirdLeptonPt.eps Graphic file (type eps)
 <figures/FinalThirdLeptonPt.eps>
File: figures/WtransM.eps Graphic file (type eps)

<figures/WtransM.eps>
File: figures/LeadNonb-jetEta.eps Graphic file (type eps)
 <figures/LeadNonb-jetEta.eps>
File: figures/LASTANGLE.eps Graphic file (type eps)
 <figures/LASTANGLE.eps>
Overfull \hbox (6.66228pt too wide) in paragraph at lines 82--82
[][]   []
 []


Overfull \hbox (6.66228pt too wide) in paragraph at lines 82--82
[]   []
 []


Overfull \hbox (6.66228pt too wide) in paragraph at lines 82--82
[]   [] 
 []


LaTeX Warning: Float too large for page by 20.09828pt on input line 82.

File: figures/Finalnjet.eps Graphic file (type eps)
<figures/Finalnjet.eps>
File: figures/FinalLeadingJetPt.eps Graphic file (type eps)
 <figures/FinalLeadingJetPt.eps>
File: figures/nelec.eps Graphic file (type eps)
 <figures/nelec.eps>
File: figures/nmuon.eps Graphic file (type eps)

<figures/nmuon.eps>
Underfull \hbox (badness 1009) in paragraph at lines 86--86
[]\OT1/cmr/m/n/12 Figure 6.9: His-tograms of num-ber of
 []

File: figures/TopPolOpt.eps Graphic file (type eps)
<figures/TopPolOpt.eps>
File: figures/TopPolHel.eps Graphic file (type eps)
 <figures/TopPolHel.eps>
File: figures/Whelicity.eps Graphic file (type eps)
 <figures/Whelicity.eps>
File: figures/HISTO-TOPMASS.eps Graphic file (type eps)

<figures/HISTO-TOPMASS.eps>
Overfull \hbox (6.66228pt too wide) in paragraph at lines 89--89
[][]   []
 []


Overfull \hbox (6.66228pt too wide) in paragraph at lines 89--89
[]   [] 
 []

) (./Results.tex [60] [61] [62] [63] [64]
Chapter 7.
[65

]) (./main.bbl [66] [67

]
Missing character: There is no Ã in font cmr12!
Missing character: There is no ¶ in font cmr12!
Missing character: There is no Ã in font cmr12!
Missing character: There is no Ÿ in font cmr12!
 [68

]
Missing character: There is no Ã in font cmti12!
Missing character: There is no ¨ in font cmti12!
Missing character: There is no Ã in font cmti12!
Missing character: There is no ¨ in font cmti12!
Missing character: There is no Ã in font cmti12!
Missing character: There is no   in font cmti12!
 [69] [70]
Missing character: There is no Ã in font cmr12!
Missing character: There is no ¼ in font cmr12!
Missing character: There is no Ã in font cmr12!
Missing character: There is no ¼ in font cmr12!
 [71]
Missing character: There is no Ã in font cmr12!
Missing character: There is no ¼ in font cmr12!
LaTeX Font Info:    Font shape `OMS/cmr/m/it' in size <12> not available
(Font)              Font shape `OMS/cmsy/m/n' tried instead on input line 294.
 [72]
Missing character: There is no â in font cmti12!
Missing character: There is no € in font cmti12!
Missing character: There is no “ in font cmti12!
 [73] [74]) [75]
(./main.aux)

LaTeX Warning: There were undefined references.


LaTeX Warning: There were multiply-defined labels.

 ) 
Here is how much of TeX's memory you used:
 4887 strings out of 256217
 60923 string characters out of 1917095
 136399 words of memory out of 1500000
 7977 multiletter control sequences out of 10000+200000
 13146 words of font info for 52 fonts, out of 1200000 for 2000
 645 hyphenation exceptions out of 8191
 41i,25n,45p,1639b,450s stack positions out of 5000i,500n,6000p,200000b,15000s

Output written on main.dvi (85 pages, 220704 bytes).
